0 info it worked if it ends with ok
1 verbose cli [ '/home/mikhail/.nvm/versions/node/v6.9.0/bin/node',
1 verbose cli   '/home/mikhail/.nvm/versions/node/v6.9.0/bin/npm',
1 verbose cli   'start' ]
2 info using npm@3.10.8
3 info using node@v6.9.0
4 verbose run-script [ 'prestart', 'start', 'poststart' ]
5 info lifecycle flapper-news@0.0.0~prestart: flapper-news@0.0.0
6 silly lifecycle flapper-news@0.0.0~prestart: no script for prestart, continuing
7 info lifecycle flapper-news@0.0.0~start: flapper-news@0.0.0
8 verbose lifecycle flapper-news@0.0.0~start: unsafe-perm in lifecycle true
9 verbose lifecycle flapper-news@0.0.0~start: PATH: /home/mikhail/.nvm/versions/node/v6.9.0/lib/node_modules/npm/bin/node-gyp-bin:/home/mikhail/Projects/repositories-app/flapper-news/node_modules/.bin:/home/mikhail/.nvm/versions/node/v6.9.0/bin:/usr/local/heroku/bin/:/home/mikhail/.rvm/gems/ruby-2.3.1/bin:/home/mikhail/.rvm/gems/ruby-2.3.1@global/bin:/home/mikhail/.rvm/rubies/ruby-2.3.1/bin:/usr/local/sbin:/usr/local/bin:/usr/bin:/opt/depot_tools:/usr/lib/jvm/default/bin:/usr/bin/site_perl:/usr/bin/vendor_perl:/usr/bin/core_perl:/home/mikhail/.gem/ruby/2.4.0/bin:/home/mikhail/.rvm/bin:/home/mikhail/.rvm/bin:/home/mikhail/.gem/ruby/2.3.0/bin
10 verbose lifecycle flapper-news@0.0.0~start: CWD: /home/mikhail/Projects/repositories-app/flapper-news
11 silly lifecycle flapper-news@0.0.0~start: Args: [ '-c', 'node ./bin/www' ]
12 silly lifecycle flapper-news@0.0.0~start: Returned: code: 1  signal: null
13 info lifecycle flapper-news@0.0.0~start: Failed to exec start script
14 verbose stack Error: flapper-news@0.0.0 start: `node ./bin/www`
14 verbose stack Exit status 1
14 verbose stack     at EventEmitter.<anonymous> (/home/mikhail/.nvm/versions/node/v6.9.0/lib/node_modules/npm/lib/utils/lifecycle.js:255:16)
14 verbose stack     at emitTwo (events.js:106:13)
14 verbose stack     at EventEmitter.emit (events.js:191:7)
14 verbose stack     at ChildProcess.<anonymous> (/home/mikhail/.nvm/versions/node/v6.9.0/lib/node_modules/npm/lib/utils/spawn.js:40:14)
14 verbose stack     at emitTwo (events.js:106:13)
14 verbose stack     at ChildProcess.emit (events.js:191:7)
14 verbose stack     at maybeClose (internal/child_process.js:877:16)
14 verbose stack     at Process.ChildProcess._handle.onexit (internal/child_process.js:226:5)
15 verbose pkgid flapper-news@0.0.0
16 verbose cwd /home/mikhail/Projects/repositories-app/flapper-news
17 error Linux 4.9.6-1-MANJARO
18 error argv "/home/mikhail/.nvm/versions/node/v6.9.0/bin/node" "/home/mikhail/.nvm/versions/node/v6.9.0/bin/npm" "start"
19 error node v6.9.0
20 error npm  v3.10.8
21 error code ELIFECYCLE
22 error flapper-news@0.0.0 start: `node ./bin/www`
22 error Exit status 1
23 error Failed at the flapper-news@0.0.0 start script 'node ./bin/www'.
23 error Make sure you have the latest version of node.js and npm installed.
23 error If you do, this is most likely a problem with the flapper-news package,
23 error not with npm itself.
23 error Tell the author that this fails on your system:
23 error     node ./bin/www
23 error You can get information on how to open an issue for this project with:
23 error     npm bugs flapper-news
23 error Or if that isn't available, you can get their info via:
23 error     npm owner ls flapper-news
23 error There is likely additional logging output above.
24 verbose exit [ 1, true ]
